<?xml version="1.0" encoding="UTF-8"?>
<!-- Generated by org.testng.reporters.JUnitReportReporter -->
<testsuite hostname="MSNA" failures="0" tests="4" name="com.api.restassured.employee.testRunner.TestRunnerTestNg" time="3.445" errors="0" timestamp="2024-11-06T11:00:22 IST" skipped="0">
  <testcase classname="com.api.restassured.employee.testRunner.TestRunnerTestNg" name="runScenario" time="1.922"/>
  <system-out/>
  <testcase classname="com.api.restassured.employee.testRunner.TestRunnerTestNg" name="runScenario" time="0.079"/>
  <system-out/>
  <testcase classname="com.api.restassured.employee.testRunner.TestRunnerTestNg" name="runScenario" time="0.025"/>
  <system-out/>
  <testcase classname="com.api.restassured.employee.testRunner.TestRunnerTestNg" name="runScenario" time="1.419"/>
  <system-out/>
</testsuite> <!-- com.api.restassured.employee.testRunner.TestRunnerTestNg -->
